menuUI/app/build/intermediates/manifest_merge_blame_file/debug/manifest-merger-blame-debug-report.txt
1<?xml version="1.0" encoding="utf-8"?>
2<manifest xmlns:android="http://schemas.android.com/apk/res/android"
3    package="com.example.s1.menuui"
4    android:versionCode="1"
5    android:versionName="1.0" > <!-- update -->
6    <uses-sdk
7        android:minSdkVersion="23"
7-->src\main\AndroidManifest.xml
8        android:targetSdkVersion="28" />
8-->src\main\AndroidManifest.xml
9
10    <uses-permission android:name="android.permission.INTERNET" />
10-->src\main\AndroidManifest.xml:6:5-67
10-->src\main\AndroidManifest.xml:6:22-64
11    <uses-permission android:name="android.permission.READ_EXTERNAL_STORAGE" />
11-->src\main\AndroidManifest.xml:7:5-80
11-->src\main\AndroidManifest.xml:7:22-77
12    <uses-permission android:name="android.permission.WRITE_EXTERNAL_STORAGE" />
12-->src\main\AndroidManifest.xml:8:5-81
12-->src\main\AndroidManifest.xml:8:22-78
13    <uses-permission android:name="android.permission.CAMERA" />
13-->src\main\AndroidManifest.xml:9:5-65
13-->src\main\AndroidManifest.xml:9:22-62
14    <uses-permission android:name="android.permission.ACCESS_FINE_LOCATION" />
14-->src\main\AndroidManifest.xml:10:5-79
14-->src\main\AndroidManifest.xml:10:22-76
15    <uses-permission android:name="android.permission.ACCESS_COARSE_LOCATION" />
15-->src\main\AndroidManifest.xml:11:5-81
15-->src\main\AndroidManifest.xml:11:22-78
16    <uses-permission android:name="android.permission.ACCESS_NETWORK_STATE" />
16-->[com.firebaseui:firebase-ui-auth:6.0.2] AndroidManifest.xml:12:5-79
16-->[com.firebaseui:firebase-ui-auth:6.0.2] AndroidManifest.xml:12:22-76
17
18    <uses-feature
18-->[com.google.android.gms:play-services-maps:17.0.0] AndroidManifest.xml:26:5-28:35
19        android:glEsVersion="0x00020000"
19-->[com.google.android.gms:play-services-maps:17.0.0] AndroidManifest.xml:27:9-41
20        android:required="true" />
20-->[com.google.android.gms:play-services-maps:17.0.0] AndroidManifest.xml:28:9-32
21
22    <uses-permission android:name="android.permission.WAKE_LOCK" /> <!-- Required by older versions of Google Play services to create IID tokens -->
22-->[com.google.android.gms:play-services-measurement-api:17.2.0] AndroidManifest.xml:24:5-68
22-->[com.google.android.gms:play-services-measurement-api:17.2.0] AndroidManifest.xml:24:22-65
23    <uses-permission android:name="com.google.android.c2dm.permission.RECEIVE" />
23-->[com.google.firebase:firebase-iid:19.0.0] AndroidManifest.xml:26:5-82
23-->[com.google.firebase:firebase-iid:19.0.0] AndroidManifest.xml:26:22-79
24    <uses-permission android:name="com.google.android.finsky.permission.BIND_GET_INSTALL_REFERRER_SERVICE" />
24-->[com.google.android.gms:play-services-measurement:17.2.0] AndroidManifest.xml:26:5-110
24-->[com.google.android.gms:play-services-measurement:17.2.0] AndroidManifest.xml:26:22-107
25
26    <application
26-->src\main\AndroidManifest.xml:13:5-71:19
27        android:allowBackup="true"
27-->src\main\AndroidManifest.xml:14:9-35
28        android:appComponentFactory="androidx.core.app.CoreComponentFactory"
28-->[androidx.core:core:1.1.0] AndroidManifest.xml:24:18-86
29        android:debuggable="true"
30        android:icon="@mipmap/et"
30-->src\main\AndroidManifest.xml:15:9-34
31        android:label="@string/app_name"
31-->src\main\AndroidManifest.xml:16:9-41
32        android:roundIcon="@mipmap/et_round"
32-->src\main\AndroidManifest.xml:17:9-45
33        android:supportsRtl="true"
33-->src\main\AndroidManifest.xml:18:9-35
34        android:testOnly="true"
35        android:theme="@style/AppTheme"
35-->src\main\AndroidManifest.xml:19:9-40
36        android:usesCleartextTraffic="true" >
36-->src\main\AndroidManifest.xml:20:9-44
37        <meta-data
37-->src\main\AndroidManifest.xml:22:9-24:71
38            android:name="com.google.android.geo.API_KEY"
38-->src\main\AndroidManifest.xml:23:13-58
39            android:value="AIzaSyC2uEnVlml1CL4xJbeqMpZKLxU8J2Sb7DY" />
39-->src\main\AndroidManifest.xml:24:13-68
40
41        <activity android:name="com.example.s1.menuui.CommentActivity" />
41-->src\main\AndroidManifest.xml:26:9-52
41-->src\main\AndroidManifest.xml:26:19-50
42        <activity android:name="com.example.s1.menuui.AddPhotoActivity" />
42-->src\main\AndroidManifest.xml:27:9-54
42-->src\main\AndroidManifest.xml:27:19-51
43        <activity android:name="com.example.s1.menuui.AddPostActivitiy" />
43-->src\main\AndroidManifest.xml:28:9-54
43-->src\main\AndroidManifest.xml:28:19-51
44        <activity android:name="com.example.s1.menuui.AddQnaActivity" />
44-->src\main\AndroidManifest.xml:29:9-51
44-->src\main\AndroidManifest.xml:29:19-49
45        <activity android:name="com.example.s1.menuui.LocationActivity" />
45-->src\main\AndroidManifest.xml:30:9-53
45-->src\main\AndroidManifest.xml:30:19-51
46        <activity android:name="com.example.s1.menuui.LoginActivity" />
46-->src\main\AndroidManifest.xml:31:9-51
46-->src\main\AndroidManifest.xml:31:19-48
47        <activity android:name="com.example.s1.menuui.QnABoardActivity" />
47-->src\main\AndroidManifest.xml:32:9-53
47-->src\main\AndroidManifest.xml:32:19-51
48        <activity android:name="com.example.s1.menuui.TestActivity" />
48-->src\main\AndroidManifest.xml:33:9-49
48-->src\main\AndroidManifest.xml:33:19-47
49        <activity android:name="com.example.s1.menuui.TranslationActivity" />
49-->src\main\AndroidManifest.xml:34:9-56
49-->src\main\AndroidManifest.xml:34:19-54
50        <activity
50-->src\main\AndroidManifest.xml:35:9-44:20
51            android:name="com.example.s1.menuui.StartActivity"
51-->src\main\AndroidManifest.xml:36:13-42
52            android:screenOrientation="fullSensor"
52-->src\main\AndroidManifest.xml:37:13-51
53            android:theme="@style/IntroTheme" >
53-->src\main\AndroidManifest.xml:38:13-46
54            <intent-filter>
54-->src\main\AndroidManifest.xml:39:13-43:29
55                <action android:name="android.intent.action.MAIN" />
55-->src\main\AndroidManifest.xml:40:17-69
55-->src\main\AndroidManifest.xml:40:25-66
56
57                <category android:name="android.intent.category.LAUNCHER" />
57-->src\main\AndroidManifest.xml:42:17-77
57-->src\main\AndroidManifest.xml:42:27-74
58            </intent-filter>
59        </activity>
60        <activity android:name="com.example.s1.menuui.MainActivity" />
60-->src\main\AndroidManifest.xml:45:9-50
60-->src\main\AndroidManifest.xml:45:19-47
61        <activity
61-->src\main\AndroidManifest.xml:46:9-49:48
62            android:name="com.facebook.FacebookActivity"
62-->src\main\AndroidManifest.xml:47:13-57
63            android:configChanges="keyboard|keyboardHidden|screenLayout|screenSize|orientation"
63-->src\main\AndroidManifest.xml:48:13-96
64            android:label="@string/app_name"
64-->src\main\AndroidManifest.xml:49:13-45
65            android:theme="@style/com_facebook_activity_theme" />
65-->[com.facebook.android:facebook-common:4.42.0] AndroidManifest.xml:32:13-63
66        <activity
66-->src\main\AndroidManifest.xml:50:9-61:20
67            android:name="com.facebook.CustomTabActivity"
67-->src\main\AndroidManifest.xml:51:13-58
68            android:exported="true" >
68-->src\main\AndroidManifest.xml:52:13-36
69            <intent-filter>
69-->src\main\AndroidManifest.xml:53:13-60:29
70                <action android:name="android.intent.action.VIEW" />
70-->src\main\AndroidManifest.xml:54:17-69
70-->src\main\AndroidManifest.xml:54:25-66
71
72                <category android:name="android.intent.category.DEFAULT" />
72-->src\main\AndroidManifest.xml:56:17-76
72-->src\main\AndroidManifest.xml:56:27-73
73                <category android:name="android.intent.category.BROWSABLE" />
73-->src\main\AndroidManifest.xml:57:17-78
73-->src\main\AndroidManifest.xml:57:27-75
74
75                <data android:scheme="@string/fb_login_protocol_scheme" />
75-->src\main\AndroidManifest.xml:59:17-75
75-->src\main\AndroidManifest.xml:59:23-72
76            </intent-filter>
77            <intent-filter>
77-->[com.firebaseui:firebase-ui-auth:6.0.2] AndroidManifest.xml:92:13-99:29
78                <action android:name="android.intent.action.VIEW" />
78-->src\main\AndroidManifest.xml:54:17-69
78-->src\main\AndroidManifest.xml:54:25-66
79
80                <category android:name="android.intent.category.DEFAULT" />
80-->src\main\AndroidManifest.xml:56:17-76
80-->src\main\AndroidManifest.xml:56:27-73
81                <category android:name="android.intent.category.BROWSABLE" />
81-->src\main\AndroidManifest.xml:57:17-78
81-->src\main\AndroidManifest.xml:57:27-75
82
83                <data android:scheme="@string/facebook_login_protocol_scheme" />
83-->src\main\AndroidManifest.xml:59:17-75
83-->src\main\AndroidManifest.xml:59:23-72
84            </intent-filter>
85        </activity>
86        <activity
86-->src\main\AndroidManifest.xml:62:9-66:20
87            android:name="com.example.s1.menuui.BoardActivity"
87-->src\main\AndroidManifest.xml:63:13-42
88            android:label="Board"
88-->src\main\AndroidManifest.xml:64:13-34
89            android:theme="@style/AppTheme.NoActionBar" >
89-->src\main\AndroidManifest.xml:65:13-56
90        </activity>
91        <activity
91-->src\main\AndroidManifest.xml:67:9-70:20
92            android:name="com.example.s1.menuui.FreeBoardActivity"
92-->src\main\AndroidManifest.xml:68:13-46
93            android:theme="@style/AppTheme.NoActionBar" >
93-->src\main\AndroidManifest.xml:69:13-56
94        </activity>
95
96        <meta-data
96-->[com.firebaseui:firebase-ui-auth:6.0.2] AndroidManifest.xml:16:9-18:69
97            android:name="com.google.android.gms.version"
97-->[com.firebaseui:firebase-ui-auth:6.0.2] AndroidManifest.xml:17:13-58
98            android:value="@integer/google_play_services_version" />
98-->[com.firebaseui:firebase-ui-auth:6.0.2] AndroidManifest.xml:18:13-66
99        <meta-data
99-->[com.firebaseui:firebase-ui-auth:6.0.2] AndroidManifest.xml:19:9-21:63
100            android:name="com.facebook.sdk.ApplicationId"
100-->[com.firebaseui:firebase-ui-auth:6.0.2] AndroidManifest.xml:20:13-58
101            android:value="@string/facebook_application_id" />
101-->[com.firebaseui:firebase-ui-auth:6.0.2] AndroidManifest.xml:21:13-60
102
103        <activity
103-->[com.firebaseui:firebase-ui-auth:6.0.2] AndroidManifest.xml:23:9-27:61
104            android:name="com.firebase.ui.auth.KickoffActivity"
104-->[com.firebaseui:firebase-ui-auth:6.0.2] AndroidManifest.xml:24:13-64
105            android:exported="false"
105-->[com.firebaseui:firebase-ui-auth:6.0.2] AndroidManifest.xml:25:13-37
106            android:label=""
106-->[com.firebaseui:firebase-ui-auth:6.0.2] AndroidManifest.xml:26:13-29
107            android:theme="@style/FirebaseUI.Transparent" />
107-->[com.firebaseui:firebase-ui-auth:6.0.2] AndroidManifest.xml:27:13-58
108        <activity
108-->[com.firebaseui:firebase-ui-auth:6.0.2] AndroidManifest.xml:28:9-32:61
109            android:name="com.firebase.ui.auth.ui.idp.SingleSignInActivity"
109-->[com.firebaseui:firebase-ui-auth:6.0.2] AndroidManifest.xml:29:13-76
110            android:exported="false"
110-->[com.firebaseui:firebase-ui-auth:6.0.2] AndroidManifest.xml:30:13-37
111            android:label=""
111-->[com.firebaseui:firebase-ui-auth:6.0.2] AndroidManifest.xml:31:13-29
112            android:theme="@style/FirebaseUI.Transparent" />
112-->[com.firebaseui:firebase-ui-auth:6.0.2] AndroidManifest.xml:32:13-58
113        <activity
113-->[com.firebaseui:firebase-ui-auth:6.0.2] AndroidManifest.xml:33:9-37:61
114            android:name="com.firebase.ui.auth.ui.credentials.CredentialSaveActivity"
114-->[com.firebaseui:firebase-ui-auth:6.0.2] AndroidManifest.xml:34:13-86
115            android:exported="false"
115-->[com.firebaseui:firebase-ui-auth:6.0.2] AndroidManifest.xml:35:13-37
116            android:label=""
116-->[com.firebaseui:firebase-ui-auth:6.0.2] AndroidManifest.xml:36:13-29
117            android:theme="@style/FirebaseUI.Transparent" />
117-->[com.firebaseui:firebase-ui-auth:6.0.2] AndroidManifest.xml:37:13-58
118        <activity
118-->[com.firebaseui:firebase-ui-auth:6.0.2] AndroidManifest.xml:38:9-42:58
119            android:name="com.firebase.ui.auth.ui.email.RecoverPasswordActivity"
119-->[com.firebaseui:firebase-ui-auth:6.0.2] AndroidManifest.xml:39:13-81
120            android:exported="false"
120-->[com.firebaseui:firebase-ui-auth:6.0.2] AndroidManifest.xml:40:13-37
121            android:label="@string/fui_title_recover_password_activity"
121-->[com.firebaseui:firebase-ui-auth:6.0.2] AndroidManifest.xml:41:13-72
122            android:windowSoftInputMode="adjustResize" />
122-->[com.firebaseui:firebase-ui-auth:6.0.2] AndroidManifest.xml:42:13-55
123        <activity
123-->[com.firebaseui:firebase-ui-auth:6.0.2] AndroidManifest.xml:43:9-47:58
124            android:name="com.firebase.ui.auth.ui.email.EmailActivity"
124-->[com.firebaseui:firebase-ui-auth:6.0.2] AndroidManifest.xml:44:13-71
125            android:exported="false"
125-->[com.firebaseui:firebase-ui-auth:6.0.2] AndroidManifest.xml:45:13-37
126            android:label="@string/fui_sign_in_default"
126-->[com.firebaseui:firebase-ui-auth:6.0.2] AndroidManifest.xml:46:13-56
127            android:windowSoftInputMode="adjustResize" />
127-->[com.firebaseui:firebase-ui-auth:6.0.2] AndroidManifest.xml:47:13-55
128        <activity
128-->[com.firebaseui:firebase-ui-auth:6.0.2] AndroidManifest.xml:48:9-52:77
129            android:name="com.firebase.ui.auth.ui.phone.PhoneActivity"
129-->[com.firebaseui:firebase-ui-auth:6.0.2] AndroidManifest.xml:49:13-71
130            android:exported="false"
130-->[com.firebaseui:firebase-ui-auth:6.0.2] AndroidManifest.xml:50:13-37
131            android:label="@string/fui_sign_in_with_phone_number"
131-->[com.firebaseui:firebase-ui-auth:6.0.2] AndroidManifest.xml:51:13-66
132            android:windowSoftInputMode="adjustResize|stateAlwaysVisible" />
132-->[com.firebaseui:firebase-ui-auth:6.0.2] AndroidManifest.xml:52:13-74
133        <activity
133-->[com.firebaseui:firebase-ui-auth:6.0.2] AndroidManifest.xml:53:9-57:58
134            android:name="com.firebase.ui.auth.ui.idp.WelcomeBackIdpPrompt"
134-->[com.firebaseui:firebase-ui-auth:6.0.2] AndroidManifest.xml:54:13-76
135            android:exported="false"
135-->[com.firebaseui:firebase-ui-auth:6.0.2] AndroidManifest.xml:55:13-37
136            android:label="@string/fui_title_welcome_back_idp_prompt"
136-->[com.firebaseui:firebase-ui-auth:6.0.2] AndroidManifest.xml:56:13-70
137            android:windowSoftInputMode="adjustResize" />
137-->[com.firebaseui:firebase-ui-auth:6.0.2] AndroidManifest.xml:57:13-55
138        <activity
138-->[com.firebaseui:firebase-ui-auth:6.0.2] AndroidManifest.xml:58:9-62:58
139            android:name="com.firebase.ui.auth.ui.email.WelcomeBackPasswordPrompt"
139-->[com.firebaseui:firebase-ui-auth:6.0.2] AndroidManifest.xml:59:13-83
140            android:exported="false"
140-->[com.firebaseui:firebase-ui-auth:6.0.2] AndroidManifest.xml:60:13-37
141            android:label="@string/fui_title_welcome_back_password_prompt"
141-->[com.firebaseui:firebase-ui-auth:6.0.2] AndroidManifest.xml:61:13-75
142            android:windowSoftInputMode="adjustResize" />
142-->[com.firebaseui:firebase-ui-auth:6.0.2] AndroidManifest.xml:62:13-55
143        <activity
143-->[com.firebaseui:firebase-ui-auth:6.0.2] AndroidManifest.xml:63:9-67:58
144            android:name="com.firebase.ui.auth.ui.email.WelcomeBackEmailLinkPrompt"
144-->[com.firebaseui:firebase-ui-auth:6.0.2] AndroidManifest.xml:64:13-84
145            android:exported="false"
145-->[com.firebaseui:firebase-ui-auth:6.0.2] AndroidManifest.xml:65:13-37
146            android:label="@string/fui_title_welcome_back_password_prompt"
146-->[com.firebaseui:firebase-ui-auth:6.0.2] AndroidManifest.xml:66:13-75
147            android:windowSoftInputMode="adjustResize" />
147-->[com.firebaseui:firebase-ui-auth:6.0.2] AndroidManifest.xml:67:13-55
148        <activity
148-->[com.firebaseui:firebase-ui-auth:6.0.2] AndroidManifest.xml:68:9-73:58
149            android:name="com.firebase.ui.auth.ui.email.EmailLinkCatcherActivity"
149-->[com.firebaseui:firebase-ui-auth:6.0.2] AndroidManifest.xml:69:13-82
150            android:exported="false"
150-->[com.firebaseui:firebase-ui-auth:6.0.2] AndroidManifest.xml:70:13-37
151            android:label=""
151-->[com.firebaseui:firebase-ui-auth:6.0.2] AndroidManifest.xml:71:13-29
152            android:theme="@style/FirebaseUI.Transparent"
152-->[com.firebaseui:firebase-ui-auth:6.0.2] AndroidManifest.xml:72:13-58
153            android:windowSoftInputMode="adjustResize" />
153-->[com.firebaseui:firebase-ui-auth:6.0.2] AndroidManifest.xml:73:13-55
154        <activity
154-->[com.firebaseui:firebase-ui-auth:6.0.2] AndroidManifest.xml:74:9-78:58
155            android:name="com.firebase.ui.auth.ui.email.EmailLinkErrorRecoveryActivity"
155-->[com.firebaseui:firebase-ui-auth:6.0.2] AndroidManifest.xml:75:13-88
156            android:exported="false"
156-->[com.firebaseui:firebase-ui-auth:6.0.2] AndroidManifest.xml:76:13-37
157            android:label="@string/fui_sign_in_default"
157-->[com.firebaseui:firebase-ui-auth:6.0.2] AndroidManifest.xml:77:13-56
158            android:windowSoftInputMode="adjustResize" />
158-->[com.firebaseui:firebase-ui-auth:6.0.2] AndroidManifest.xml:78:13-55
159        <activity
159-->[com.firebaseui:firebase-ui-auth:6.0.2] AndroidManifest.xml:79:9-82:65
160            android:name="com.firebase.ui.auth.ui.idp.AuthMethodPickerActivity"
160-->[com.firebaseui:firebase-ui-auth:6.0.2] AndroidManifest.xml:80:13-80
161            android:exported="false"
161-->[com.firebaseui:firebase-ui-auth:6.0.2] AndroidManifest.xml:81:13-37
162            android:label="@string/fui_default_toolbar_title" />
162-->[com.firebaseui:firebase-ui-auth:6.0.2] AndroidManifest.xml:82:13-62
163
164        <provider
164-->[com.firebaseui:firebase-ui-auth:6.0.2] AndroidManifest.xml:102:9-106:38
165            android:name="com.firebase.ui.auth.data.client.AuthUiInitProvider"
165-->[com.firebaseui:firebase-ui-auth:6.0.2] AndroidManifest.xml:103:13-79
166            android:authorities="com.example.s1.menuui.authuiinitprovider"
166-->[com.firebaseui:firebase-ui-auth:6.0.2] AndroidManifest.xml:104:13-70
167            android:exported="false"
167-->[com.firebaseui:firebase-ui-auth:6.0.2] AndroidManifest.xml:105:13-37
168            android:initOrder="90" />
168-->[com.firebaseui:firebase-ui-auth:6.0.2] AndroidManifest.xml:106:13-35
169
170        <activity android:name="com.facebook.CustomTabMainActivity" />
170-->[com.facebook.android:facebook-common:4.42.0] AndroidManifest.xml:33:9-71
170-->[com.facebook.android:facebook-common:4.42.0] AndroidManifest.xml:33:19-68
171        <activity
171-->[com.google.firebase:firebase-auth:19.1.0] AndroidManifest.xml:24:9-31:50
172            android:name="com.google.firebase.auth.internal.FederatedSignInActivity"
172-->[com.google.firebase:firebase-auth:19.1.0] AndroidManifest.xml:25:13-85
173            android:excludeFromRecents="true"
173-->[com.google.firebase:firebase-auth:19.1.0] AndroidManifest.xml:26:13-46
174            android:exported="true"
174-->[com.google.firebase:firebase-auth:19.1.0] AndroidManifest.xml:27:13-36
175            android:launchMode="singleTask"
175-->[com.google.firebase:firebase-auth:19.1.0] AndroidManifest.xml:28:13-44
176            android:permission="com.google.firebase.auth.api.gms.permission.LAUNCH_FEDERATED_SIGN_IN"
176-->[com.google.firebase:firebase-auth:19.1.0] AndroidManifest.xml:29:13-102
177            android:theme="@android:style/Theme.Translucent.NoTitleBar" />
177-->[com.google.firebase:firebase-auth:19.1.0] AndroidManifest.xml:30:13-72
178
179        <service
179-->[com.google.firebase:firebase-auth:19.1.0] AndroidManifest.xml:33:9-39:19
180            android:name="com.google.firebase.components.ComponentDiscoveryService"
180-->[com.google.firebase:firebase-auth:19.1.0] AndroidManifest.xml:34:13-84
181            android:directBootAware="true"
181-->[com.google.firebase:firebase-common:19.1.0] AndroidManifest.xml:14:13-43
182            android:exported="false" >
182-->[com.google.firebase:firebase-auth:19.1.0] AndroidManifest.xml:35:13-37
183            <meta-data
183-->[com.google.firebase:firebase-auth:19.1.0] AndroidManifest.xml:36:13-38:85
184                android:name="com.google.firebase.components:com.google.firebase.auth.FirebaseAuthRegistrar"
184-->[com.google.firebase:firebase-auth:19.1.0] AndroidManifest.xml:37:17-109
185                android:value="com.google.firebase.components.ComponentRegistrar" />
185-->[com.google.firebase:firebase-auth:19.1.0] AndroidManifest.xml:38:17-82
186            <meta-data
186-->[com.google.firebase:firebase-database:19.1.0] AndroidManifest.xml:32:13-34:85
187                android:name="com.google.firebase.components:com.google.firebase.database.DatabaseRegistrar"
187-->[com.google.firebase:firebase-database:19.1.0] AndroidManifest.xml:33:17-109
188                android:value="com.google.firebase.components.ComponentRegistrar" />
188-->[com.google.firebase:firebase-database:19.1.0] AndroidManifest.xml:34:17-82
189            <meta-data
189-->[com.google.firebase:firebase-storage:19.1.0] AndroidManifest.xml:33:13-35:85
190                android:name="com.google.firebase.components:com.google.firebase.storage.StorageRegistrar"
190-->[com.google.firebase:firebase-storage:19.1.0] AndroidManifest.xml:34:17-107
191                android:value="com.google.firebase.components.ComponentRegistrar" />
191-->[com.google.firebase:firebase-storage:19.1.0] AndroidManifest.xml:35:17-82
192            <meta-data
192-->[com.google.firebase:firebase-firestore:21.1.1] AndroidManifest.xml:20:13-22:85
193                android:name="com.google.firebase.components:com.google.firebase.firestore.FirestoreRegistrar"
193-->[com.google.firebase:firebase-firestore:21.1.1] AndroidManifest.xml:21:17-111
194                android:value="com.google.firebase.components.ComponentRegistrar" />
194-->[com.google.firebase:firebase-firestore:21.1.1] AndroidManifest.xml:22:17-82
195            <meta-data
195-->[com.google.android.gms:play-services-measurement-api:17.2.0] AndroidManifest.xml:30:13-32:85
196                android:name="com.google.firebase.components:com.google.firebase.analytics.connector.internal.AnalyticsConnectorRegistrar"
196-->[com.google.android.gms:play-services-measurement-api:17.2.0] AndroidManifest.xml:31:17-139
197                android:value="com.google.firebase.components.ComponentRegistrar" />
197-->[com.google.android.gms:play-services-measurement-api:17.2.0] AndroidManifest.xml:32:17-82
198            <meta-data
198-->[com.google.firebase:firebase-iid:19.0.0] AndroidManifest.xml:32:13-34:85
199                android:name="com.google.firebase.components:com.google.firebase.iid.Registrar"
199-->[com.google.firebase:firebase-iid:19.0.0] AndroidManifest.xml:33:17-96
200                android:value="com.google.firebase.components.ComponentRegistrar" />
200-->[com.google.firebase:firebase-iid:19.0.0] AndroidManifest.xml:34:17-82
201        </service>
202
203        <activity
203-->[com.google.android.gms:play-services-auth:17.0.0] AndroidManifest.xml:23:9-27:75
204            android:name="com.google.android.gms.auth.api.signin.internal.SignInHubActivity"
204-->[com.google.android.gms:play-services-auth:17.0.0] AndroidManifest.xml:24:13-93
205            android:excludeFromRecents="true"
205-->[com.google.android.gms:play-services-auth:17.0.0] AndroidManifest.xml:25:13-46
206            android:exported="false"
206-->[com.google.android.gms:play-services-auth:17.0.0] AndroidManifest.xml:26:13-37
207            android:theme="@android:style/Theme.Translucent.NoTitleBar" />
207-->[com.google.android.gms:play-services-auth:17.0.0] AndroidManifest.xml:27:13-72
208        <!--
209            Service handling Google Sign-In user revocation. For apps that do not integrate with
210            Google Sign-In, this service will never be started.
211        -->
212        <service
212-->[com.google.android.gms:play-services-auth:17.0.0] AndroidManifest.xml:33:9-36:110
213            android:name="com.google.android.gms.auth.api.signin.RevocationBoundService"
213-->[com.google.android.gms:play-services-auth:17.0.0] AndroidManifest.xml:34:13-89
214            android:exported="true"
214-->[com.google.android.gms:play-services-auth:17.0.0] AndroidManifest.xml:35:13-36
215            android:permission="com.google.android.gms.auth.api.signin.permission.REVOCATION_NOTIFICATION" /> <!-- Needs to be explicitly declared on P+ -->
215-->[com.google.android.gms:play-services-auth:17.0.0] AndroidManifest.xml:36:13-107
216        <uses-library
216-->[com.google.android.gms:play-services-maps:17.0.0] AndroidManifest.xml:33:9-35:40
217            android:name="org.apache.http.legacy"
217-->[com.google.android.gms:play-services-maps:17.0.0] AndroidManifest.xml:34:13-50
218            android:required="false" />
218-->[com.google.android.gms:play-services-maps:17.0.0] AndroidManifest.xml:35:13-37
219
220        <receiver
220-->[com.google.firebase:firebase-iid:19.0.0] AndroidManifest.xml:37:9-44:20
221            android:name="com.google.firebase.iid.FirebaseInstanceIdReceiver"
221-->[com.google.firebase:firebase-iid:19.0.0] AndroidManifest.xml:38:13-78
222            android:exported="true"
222-->[com.google.firebase:firebase-iid:19.0.0] AndroidManifest.xml:39:13-36
223            android:permission="com.google.android.c2dm.permission.SEND" >
223-->[com.google.firebase:firebase-iid:19.0.0] AndroidManifest.xml:40:13-73
224            <intent-filter>
224-->[com.google.firebase:firebase-iid:19.0.0] AndroidManifest.xml:41:13-43:29
225                <action android:name="com.google.android.c2dm.intent.RECEIVE" />
225-->[com.google.firebase:firebase-iid:19.0.0] AndroidManifest.xml:42:17-81
225-->[com.google.firebase:firebase-iid:19.0.0] AndroidManifest.xml:42:25-78
226            </intent-filter>
227        </receiver>
228
229        <activity
229-->[com.google.android.gms:play-services-base:17.1.0] AndroidManifest.xml:23:9-26:75
230            android:name="com.google.android.gms.common.api.GoogleApiActivity"
230-->[com.google.android.gms:play-services-base:17.1.0] AndroidManifest.xml:24:13-79
231            android:exported="false"
231-->[com.google.android.gms:play-services-base:17.1.0] AndroidManifest.xml:25:13-37
232            android:theme="@android:style/Theme.Translucent.NoTitleBar" />
232-->[com.google.android.gms:play-services-base:17.1.0] AndroidManifest.xml:26:13-72
233
234        <provider
234-->[com.google.firebase:firebase-common:19.1.0] AndroidManifest.xml:17:9-21:39
235            android:name="com.google.firebase.provider.FirebaseInitProvider"
235-->[com.google.firebase:firebase-common:19.1.0] AndroidManifest.xml:18:13-77
236            android:authorities="com.example.s1.menuui.firebaseinitprovider"
236-->[com.google.firebase:firebase-common:19.1.0] AndroidManifest.xml:19:13-72
237            android:exported="false"
237-->[com.google.firebase:firebase-common:19.1.0] AndroidManifest.xml:20:13-37
238            android:initOrder="100" />
238-->[com.google.firebase:firebase-common:19.1.0] AndroidManifest.xml:21:13-36
239
240        <receiver
240-->[com.google.android.gms:play-services-measurement:17.2.0] AndroidManifest.xml:29:9-33:20
241            android:name="com.google.android.gms.measurement.AppMeasurementReceiver"
241-->[com.google.android.gms:play-services-measurement:17.2.0] AndroidManifest.xml:30:13-85
242            android:enabled="true"
242-->[com.google.android.gms:play-services-measurement:17.2.0] AndroidManifest.xml:31:13-35
243            android:exported="false" >
243-->[com.google.android.gms:play-services-measurement:17.2.0] AndroidManifest.xml:32:13-37
244        </receiver>
245        <receiver
245-->[com.google.android.gms:play-services-measurement:17.2.0] AndroidManifest.xml:34:9-42:20
246            android:name="com.google.android.gms.measurement.AppMeasurementInstallReferrerReceiver"
246-->[com.google.android.gms:play-services-measurement:17.2.0] AndroidManifest.xml:35:13-100
247            android:enabled="true"
247-->[com.google.android.gms:play-services-measurement:17.2.0] AndroidManifest.xml:36:13-35
248            android:exported="true"
248-->[com.google.android.gms:play-services-measurement:17.2.0] AndroidManifest.xml:37:13-36
249            android:permission="android.permission.INSTALL_PACKAGES" >
249-->[com.google.android.gms:play-services-measurement:17.2.0] AndroidManifest.xml:38:13-69
250            <intent-filter>
250-->[com.google.android.gms:play-services-measurement:17.2.0] AndroidManifest.xml:39:13-41:29
251                <action android:name="com.android.vending.INSTALL_REFERRER" />
251-->[com.google.android.gms:play-services-measurement:17.2.0] AndroidManifest.xml:40:17-79
251-->[com.google.android.gms:play-services-measurement:17.2.0] AndroidManifest.xml:40:25-76
252            </intent-filter>
253        </receiver>
254
255        <service
255-->[com.google.android.gms:play-services-measurement:17.2.0] AndroidManifest.xml:44:9-47:40
256            android:name="com.google.android.gms.measurement.AppMeasurementService"
256-->[com.google.android.gms:play-services-measurement:17.2.0] AndroidManifest.xml:45:13-84
257            android:enabled="true"
257-->[com.google.android.gms:play-services-measurement:17.2.0] AndroidManifest.xml:46:13-35
258            android:exported="false" />
258-->[com.google.android.gms:play-services-measurement:17.2.0] AndroidManifest.xml:47:13-37
259        <service
259-->[com.google.android.gms:play-services-measurement:17.2.0] AndroidManifest.xml:48:9-52:72
260            android:name="com.google.android.gms.measurement.AppMeasurementJobService"
260-->[com.google.android.gms:play-services-measurement:17.2.0] AndroidManifest.xml:49:13-87
261            android:enabled="true"